2018-01-29 17:08:15 [ThreadId 7] ERROR phoityne - [deleteBreakPointOnGHCi] invalid delete break point. BreakPointData {nameBreakPointData = "SumOfMultiples", srcPosBreakPointData = SourcePosition {filePathSourcePosition = "/Users/jeanyang/exercism/haskell/sum-of-multiples/src/SumOfMultiples.hs", startLineNoSourcePosition = 10, startColNoSourcePosition = -1, endLineNoSourcePosition = -1, endColNoSourcePosition = -1}, breakNoBreakPointData = Nothing, conditionBreakPointData = Nothing, hitConditionBreakPointData = Nothing, hitCountBreakPointData = 0}
2018-01-29 17:08:26 [ThreadId 7] ERROR phoityne - "error: Variable not in scope: xs"
2018-01-29 17:08:26 [ThreadId 7] ERROR phoityne - "error: Variable not in scope: x"
2018-01-29 17:08:29 [ThreadId 7] ERROR phoityne - "error: Variable not in scope: multiples"
2018-01-29 17:08:34 [ThreadId 7] ERROR phoityne - "error: Variable not in scope: xs"
2018-01-29 17:08:34 [ThreadId 7] ERROR phoityne - "error: Variable not in scope: x"
2018-01-29 17:08:41 [ThreadId 7] ERROR phoityne - "error: Variable not in scope: xs"
2018-01-29 17:08:41 [ThreadId 7] ERROR phoityne - "error: Variable not in scope: x"
2018-01-29 17:08:47 [ThreadId 7] ERROR phoityne - "error: Variable not in scope: xs"
2018-01-29 17:08:47 [ThreadId 7] ERROR phoityne - "error: Variable not in scope: x"
2018-01-29 17:08:47 [ThreadId 7] ERROR phoityne - "error: Variable not in scope: multiples"
2018-01-29 17:08:53 [ThreadId 7] ERROR phoityne - "error: Variable not in scope: xs"
2018-01-29 17:08:53 [ThreadId 7] ERROR phoityne - "error: Variable not in scope: x"
2018-01-29 17:08:53 [ThreadId 7] ERROR phoityne - "error: Variable not in scope: multiples"
2018-01-29 17:08:59 [ThreadId 7] ERROR phoityne - "error: Variable not in scope: multiples"
2018-01-29 17:09:08 [ThreadId 7] ERROR phoityne - "error: parse error on input \8216where\8217"
2018-01-29 17:09:12 [ThreadId 7] ERROR phoityne - "error: Variable not in scope: xs"
2018-01-29 17:09:12 [ThreadId 7] ERROR phoityne - "error: Variable not in scope: x"
2018-01-29 17:09:12 [ThreadId 7] ERROR phoityne - "error: Variable not in scope: multiples"
2018-01-29 17:09:23 [ThreadId 7] ERROR phoityne - "error: Variable not in scope: xs"
2018-01-29 17:09:23 [ThreadId 7] ERROR phoityne - "error: Variable not in scope: x"
2018-01-29 17:09:23 [ThreadId 7] ERROR phoityne - "error: Variable not in scope: multiples"
2018-01-29 17:09:25 [ThreadId 7] ERROR phoityne - "error: Variable not in scope: multiples"
2018-01-29 17:09:27 [ThreadId 7] ERROR phoityne - "error: Variable not in scope: xs"
2018-01-29 17:09:27 [ThreadId 7] ERROR phoityne - "error: Variable not in scope: x"
2018-01-29 17:09:27 [ThreadId 7] ERROR phoityne - "error: Variable not in scope: multiples"
2018-01-29 17:09:30 [ThreadId 7] ERROR phoityne - "error: Variable not in scope: multiples"
2018-01-29 17:09:31 [ThreadId 7] ERROR phoityne - "error: Variable not in scope: xs"
2018-01-29 17:09:31 [ThreadId 7] ERROR phoityne - "error: Variable not in scope: x"
2018-01-29 17:09:31 [ThreadId 7] ERROR phoityne - "error: Variable not in scope: multiples"
2018-01-29 17:13:07 [ThreadId 7] ERROR phoityne - "error: Variable not in scope: x  <interactive>:1:3: error: Variable not in scope: xs :: [a]"
2018-01-29 17:13:16 [ThreadId 7] ERROR phoityne - "error: Variable not in scope: xs"
2018-01-29 17:13:25 [ThreadId 7] ERROR phoityne - "error: \8226 Variable not in scope: num \8226 Perhaps you meant \8216sum\8217 (imported from Prelude)"
2018-01-29 17:13:29 [ThreadId 7] ERROR phoityne - "error: \8226 Variable not in scope: num \8226 Perhaps you meant \8216sum\8217 (imported from Prelude)"
2018-01-29 17:13:40 [ThreadId 7] ERROR phoityne - "error: \8226 Variable not in scope: num \8226 Perhaps you meant \8216sum\8217 (imported from Prelude)  <interactive>:1:11: error: Variable not in scope: x"
2018-01-29 17:13:46 [ThreadId 7] ERROR phoityne - "error: \8226 Variable not in scope: num \8226 Perhaps you meant \8216sum\8217 (imported from Prelude)"
2018-01-29 17:13:46 [ThreadId 7] ERROR phoityne - "error: \8226 Variable not in scope: num :: Integer \8226 Perhaps you meant \8216sum\8217 (imported from Prelude)"
2018-01-29 17:14:43 [ThreadId 7] ERROR phoityne - "error: \8226 Variable not in scope: num \8226 Perhaps you meant \8216sum\8217 (imported from Prelude)"
2018-01-29 17:14:43 [ThreadId 7] ERROR phoityne - "error: \8226 Variable not in scope: num :: Integer \8226 Perhaps you meant \8216sum\8217 (imported from Prelude)"
2018-01-29 17:14:54 [ThreadId 7] ERROR phoityne - "error: \8226 Variable not in scope: num \8226 Perhaps you meant \8216sum\8217 (imported from Prelude)"
2018-01-29 17:14:54 [ThreadId 7] ERROR phoityne - "error: \8226 Variable not in scope: num \8226 Perhaps you meant \8216sum\8217 (imported from Prelude)  <interactive>:1:11: error: Variable not in scope: x"
2018-01-29 17:14:58 [ThreadId 7] ERROR phoityne - "error: \8226 Variable not in scope: num \8226 Perhaps you meant \8216sum\8217 (imported from Prelude)"
2018-01-29 17:14:58 [ThreadId 7] ERROR phoityne - "error: \8226 Variable not in scope: num \8226 Perhaps you meant \8216sum\8217 (imported from Prelude)  <interactive>:1:11: error: Variable not in scope: x"
2018-01-29 17:15:09 [ThreadId 7] ERROR phoityne - "error: \8226 Variable not in scope: num \8226 Perhaps you meant \8216sum\8217 (imported from Prelude)"
2018-01-29 17:15:09 [ThreadId 7] ERROR phoityne - "error: \8226 Variable not in scope: num :: Integer \8226 Perhaps you meant \8216sum\8217 (imported from Prelude)"
2018-01-29 17:15:32 [ThreadId 7] ERROR phoityne - "error: \8226 Variable not in scope: num \8226 Perhaps you meant \8216sum\8217 (imported from Prelude)"
2018-01-29 17:15:32 [ThreadId 7] ERROR phoityne - "error: \8226 Variable not in scope: num :: Integer \8226 Perhaps you meant \8216sum\8217 (imported from Prelude)"
2018-01-29 17:15:39 [ThreadId 7] ERROR phoityne - "error: \8226 Variable not in scope: num \8226 Perhaps you meant \8216sum\8217 (imported from Prelude)"
2018-01-29 17:15:49 [ThreadId 7] ERROR phoityne - "error: \8226 Variable not in scope: num \8226 Perhaps you meant \8216sum\8217 (imported from Prelude)"
2018-01-29 17:15:49 [ThreadId 7] ERROR phoityne - "error: Variable not in scope: x"
2018-01-29 17:15:49 [ThreadId 7] ERROR phoityne - "error: Variable not in scope: xs"
2018-01-29 17:15:55 [ThreadId 7] ERROR phoityne - "error: \8226 Variable not in scope: num \8226 Perhaps you meant \8216sum\8217 (imported from Prelude)"
2018-01-29 17:15:59 [ThreadId 7] ERROR phoityne - "error: \8226 Variable not in scope: num \8226 Perhaps you meant \8216sum\8217 (imported from Prelude)"
2018-01-29 17:15:59 [ThreadId 7] ERROR phoityne - "error: Variable not in scope: x"
2018-01-29 17:15:59 [ThreadId 7] ERROR phoityne - "error: Variable not in scope: xs"
2018-01-29 17:16:12 [ThreadId 7] ERROR phoityne - "error: \8226 Variable not in scope: num \8226 Perhaps you meant \8216sum\8217 (imported from Prelude)"
2018-01-29 17:16:12 [ThreadId 7] ERROR phoityne - "error: Variable not in scope: x"
2018-01-29 17:16:12 [ThreadId 7] ERROR phoityne - "error: Variable not in scope: xs"
2018-01-29 17:16:22 [ThreadId 7] ERROR phoityne - "error: \8226 Variable not in scope: num \8226 Perhaps you meant \8216sum\8217 (imported from Prelude)"
2018-01-29 17:16:22 [ThreadId 7] ERROR phoityne - "error: Variable not in scope: x"
2018-01-29 17:16:22 [ThreadId 7] ERROR phoityne - "error: Variable not in scope: xs"
2018-01-29 17:16:29 [ThreadId 7] ERROR phoityne - "error: \8226 Variable not in scope: num \8226 Perhaps you meant \8216sum\8217 (imported from Prelude)"
2018-01-29 17:16:29 [ThreadId 7] ERROR phoityne - "error: Variable not in scope: x"
2018-01-29 17:16:29 [ThreadId 7] ERROR phoityne - "error: Variable not in scope: xs"
2018-01-29 17:16:48 [ThreadId 7] ERROR phoityne - [deleteBreakPointOnGHCi] invalid delete break point. BreakPointData {nameBreakPointData = "SumOfMultiples", srcPosBreakPointData = SourcePosition {filePathSourcePosition = "/Users/jeanyang/exercism/haskell/sum-of-multiples/src/SumOfMultiples.hs", startLineNoSourcePosition = 5, startColNoSourcePosition = -1, endLineNoSourcePosition = -1, endColNoSourcePosition = -1}, breakNoBreakPointData = Nothing, conditionBreakPointData = Nothing, hitConditionBreakPointData = Nothing, hitCountBreakPointData = 0}
2018-01-29 17:16:51 [ThreadId 7] ERROR phoityne - "error: \8226 Variable not in scope: num \8226 Perhaps you meant \8216sum\8217 (imported from Prelude)"
2018-01-29 17:16:51 [ThreadId 7] ERROR phoityne - "error: Variable not in scope: x"
2018-01-29 17:16:51 [ThreadId 7] ERROR phoityne - "error: Variable not in scope: xs"
2018-01-29 17:16:54 [ThreadId 7] ERROR phoityne - "error: \8226 Variable not in scope: num \8226 Perhaps you meant \8216sum\8217 (imported from Prelude)"
2018-01-29 17:16:54 [ThreadId 7] ERROR phoityne - "error: Variable not in scope: x"
2018-01-29 17:16:54 [ThreadId 7] ERROR phoityne - "error: Variable not in scope: xs"
2018-01-29 17:17:27 [ThreadId 7] ERROR phoityne - "error: \8226 Variable not in scope: num \8226 Perhaps you meant \8216sum\8217 (imported from Prelude)"
2018-01-29 17:17:27 [ThreadId 7] ERROR phoityne - "error: Variable not in scope: x"
2018-01-29 17:17:27 [ThreadId 7] ERROR phoityne - "error: Variable not in scope: xs"
2018-01-29 17:17:27 [ThreadId 7] ERROR phoityne - "error: Variable not in scope: multiples"
2018-01-29 17:17:28 [ThreadId 7] ERROR phoityne - "error: \8226 Variable not in scope: num \8226 Perhaps you meant \8216sum\8217 (imported from Prelude)"
2018-01-29 17:17:28 [ThreadId 7] ERROR phoityne - "error: Variable not in scope: multiples"
2018-01-29 17:17:30 [ThreadId 7] ERROR phoityne - "error: \8226 Variable not in scope: num \8226 Perhaps you meant \8216sum\8217 (imported from Prelude)"
2018-01-29 17:17:30 [ThreadId 7] ERROR phoityne - "error: Variable not in scope: x"
2018-01-29 17:17:30 [ThreadId 7] ERROR phoityne - "error: Variable not in scope: xs"
2018-01-29 17:17:30 [ThreadId 7] ERROR phoityne - "error: Variable not in scope: multiples"
2018-01-29 17:17:31 [ThreadId 7] ERROR phoityne - "error: \8226 Variable not in scope: num \8226 Perhaps you meant \8216sum\8217 (imported from Prelude)"
2018-01-29 17:17:31 [ThreadId 7] ERROR phoityne - "error: Variable not in scope: multiples"
2018-01-29 17:17:32 [ThreadId 7] ERROR phoityne - "error: \8226 Variable not in scope: num \8226 Perhaps you meant \8216sum\8217 (imported from Prelude)"
2018-01-29 17:17:32 [ThreadId 7] ERROR phoityne - "error: Variable not in scope: x"
2018-01-29 17:17:32 [ThreadId 7] ERROR phoityne - "error: Variable not in scope: xs"
2018-01-29 17:17:32 [ThreadId 7] ERROR phoityne - "error: Variable not in scope: multiples"
2018-01-29 17:17:33 [ThreadId 7] ERROR phoityne - "error: \8226 Variable not in scope: num \8226 Perhaps you meant \8216sum\8217 (imported from Prelude)"
2018-01-29 17:17:33 [ThreadId 7] ERROR phoityne - "error: Variable not in scope: x"
2018-01-29 17:17:33 [ThreadId 7] ERROR phoityne - "error: Variable not in scope: xs"
2018-01-29 17:17:33 [ThreadId 7] ERROR phoityne - "error: Variable not in scope: multiples"
2018-01-29 17:17:35 [ThreadId 7] ERROR phoityne - "error: \8226 Variable not in scope: num \8226 Perhaps you meant \8216sum\8217 (imported from Prelude)"
2018-01-29 17:17:35 [ThreadId 7] ERROR phoityne - "error: Variable not in scope: multiples"
2018-01-29 17:17:37 [ThreadId 7] ERROR phoityne - "error: \8226 Variable not in scope: num \8226 Perhaps you meant \8216sum\8217 (imported from Prelude)"
2018-01-29 17:17:37 [ThreadId 7] ERROR phoityne - "error: Variable not in scope: x"
2018-01-29 17:17:37 [ThreadId 7] ERROR phoityne - "error: Variable not in scope: xs"
2018-01-29 17:17:37 [ThreadId 7] ERROR phoityne - "error: Variable not in scope: multiples"
2018-01-29 17:17:39 [ThreadId 7] ERROR phoityne - "error: \8226 Variable not in scope: num \8226 Perhaps you meant \8216sum\8217 (imported from Prelude)"
2018-01-29 17:17:39 [ThreadId 7] ERROR phoityne - "error: Variable not in scope: multiples"
2018-01-29 17:17:43 [ThreadId 7] ERROR phoityne - "error: \8226 Variable not in scope: num \8226 Perhaps you meant \8216sum\8217 (imported from Prelude)"
2018-01-29 17:17:43 [ThreadId 7] ERROR phoityne - "error: Variable not in scope: x"
2018-01-29 17:17:43 [ThreadId 7] ERROR phoityne - "error: Variable not in scope: xs"
2018-01-29 17:17:43 [ThreadId 7] ERROR phoityne - "error: Variable not in scope: multiples"
2018-01-29 17:19:18 [ThreadId 7] ERROR phoityne - "error: \8226 Variable not in scope: num \8226 Perhaps you meant \8216sum\8217 (imported from Prelude)"
2018-01-29 17:19:18 [ThreadId 7] ERROR phoityne - "error: Variable not in scope: x"
2018-01-29 17:19:18 [ThreadId 7] ERROR phoityne - "error: Variable not in scope: xs"
2018-01-29 17:19:18 [ThreadId 7] ERROR phoityne - "error: Variable not in scope: multiples"
2018-01-29 17:19:22 [ThreadId 7] ERROR phoityne - "error: \8226 Variable not in scope: num \8226 Perhaps you meant \8216sum\8217 (imported from Prelude)"
2018-01-29 17:19:22 [ThreadId 7] ERROR phoityne - "error: Variable not in scope: x"
2018-01-29 17:19:22 [ThreadId 7] ERROR phoityne - "error: Variable not in scope: xs"
2018-01-29 17:19:22 [ThreadId 7] ERROR phoityne - "error: Variable not in scope: multiples"
2018-01-29 17:20:14 [ThreadId 7] ERROR phoityne - "error: \8226 Variable not in scope: num \8226 Perhaps you meant \8216sum\8217 (imported from Prelude)"
2018-01-29 17:20:14 [ThreadId 7] ERROR phoityne - "error: Variable not in scope: x"
2018-01-29 17:20:14 [ThreadId 7] ERROR phoityne - "error: Variable not in scope: xs"
2018-01-29 17:20:16 [ThreadId 7] ERROR phoityne - "error: \8226 Variable not in scope: num \8226 Perhaps you meant \8216sum\8217 (imported from Prelude)"
2018-01-29 17:20:16 [ThreadId 7] ERROR phoityne - "error: Variable not in scope: x"
2018-01-29 17:20:16 [ThreadId 7] ERROR phoityne - "error: Variable not in scope: xs"
2018-01-29 17:20:48 [ThreadId 7] ERROR phoityne - "error: \8226 Variable not in scope: num \8226 Perhaps you meant \8216sum\8217 (imported from Prelude)"
2018-01-29 17:20:48 [ThreadId 7] ERROR phoityne - "error: Variable not in scope: x"
2018-01-29 17:20:48 [ThreadId 7] ERROR phoityne - "error: Variable not in scope: xs"
