2018-01-31 15:35:24 [ThreadId 7] ERROR phoityne - "error: Data constructor not in scope: Int"
2018-01-31 15:35:36 [ThreadId 7] ERROR phoityne - "error: Variable not in scope: n"
2018-01-31 15:35:43 [ThreadId 7] ERROR phoityne - "error: Variable not in scope: n"
2018-01-31 15:35:43 [ThreadId 7] ERROR phoityne - "error: Variable not in scope: dividend"
2018-01-31 15:35:47 [ThreadId 7] ERROR phoityne - "error: Variable not in scope: n"
2018-01-31 15:35:47 [ThreadId 7] ERROR phoityne - "error: Variable not in scope: dividend"
2018-01-31 15:35:54 [ThreadId 7] ERROR phoityne - "error: Variable not in scope: n"
2018-01-31 15:35:54 [ThreadId 7] ERROR phoityne - "error: Variable not in scope: dividend"
2018-01-31 15:36:01 [ThreadId 7] ERROR phoityne - "error: Variable not in scope: remainder"
2018-01-31 15:36:26 [ThreadId 7] ERROR phoityne - "error: Variable not in scope: remainder"
2018-01-31 15:36:35 [ThreadId 7] ERROR phoityne - "error: Variable not in scope: n"
2018-01-31 15:36:35 [ThreadId 7] ERROR phoityne - "error: Variable not in scope: dividend"
2018-01-31 15:36:35 [ThreadId 7] ERROR phoityne - "error: Variable not in scope: output"
2018-01-31 15:36:41 [ThreadId 7] ERROR phoityne - "error: Variable not in scope: n"
2018-01-31 15:36:41 [ThreadId 7] ERROR phoityne - "error: Variable not in scope: dividend"
2018-01-31 15:36:41 [ThreadId 7] ERROR phoityne - "error: Variable not in scope: output"
2018-01-31 15:36:45 [ThreadId 7] ERROR phoityne - "error: Variable not in scope: remainder"
2018-01-31 15:36:59 [ThreadId 7] ERROR phoityne - "error: Variable not in scope: n"
2018-01-31 15:36:59 [ThreadId 7] ERROR phoityne - "error: Variable not in scope: dividend"
2018-01-31 15:36:59 [ThreadId 7] ERROR phoityne - "error: Variable not in scope: output"
2018-01-31 15:37:17 [ThreadId 7] ERROR phoityne - "error: Variable not in scope: remainder"
2018-01-31 15:37:23 [ThreadId 7] ERROR phoityne - "error: Variable not in scope: n"
2018-01-31 15:37:23 [ThreadId 7] ERROR phoityne - "error: Variable not in scope: dividend"
2018-01-31 15:37:23 [ThreadId 7] ERROR phoityne - "error: Variable not in scope: output"
2018-01-31 15:37:50 [ThreadId 7] ERROR phoityne - "error: Variable not in scope: remainder"
2018-01-31 15:37:50 [ThreadId 7] ERROR phoityne - "error: Variable not in scope: output"
2018-01-31 15:38:13 [ThreadId 7] ERROR phoityne - "error: Variable not in scope: remainder"
2018-01-31 15:38:13 [ThreadId 7] ERROR phoityne - "error: Variable not in scope: n"
2018-01-31 15:38:13 [ThreadId 7] ERROR phoityne - "error: Variable not in scope: dividend"
2018-01-31 15:38:22 [ThreadId 7] ERROR phoityne - "error: Data constructor not in scope: Int"
2018-01-31 15:38:25 [ThreadId 7] ERROR phoityne - "error: Variable not in scope: remainder"
2018-01-31 15:38:25 [ThreadId 7] ERROR phoityne - "error: Variable not in scope: output"
2018-01-31 15:38:28 [ThreadId 7] ERROR phoityne - "error: Variable not in scope: remainder"
2018-01-31 15:38:28 [ThreadId 7] ERROR phoityne - "error: Variable not in scope: n"
2018-01-31 15:38:28 [ThreadId 7] ERROR phoityne - "error: Variable not in scope: dividend"
2018-01-31 15:38:29 [ThreadId 7] ERROR phoityne - "error: Data constructor not in scope: Int"
2018-01-31 15:38:50 [ThreadId 7] ERROR phoityne - "error: Variable not in scope: remainder"
2018-01-31 15:38:50 [ThreadId 7] ERROR phoityne - "error: Variable not in scope: dividend"
2018-01-31 15:38:50 [ThreadId 7] ERROR phoityne - "error: Variable not in scope: output"
2018-01-31 15:39:01 [ThreadId 7] ERROR phoityne - "error: Variable not in scope: remainder"
2018-01-31 15:39:01 [ThreadId 7] ERROR phoityne - "error: Variable not in scope: dividend"
2018-01-31 15:39:01 [ThreadId 7] ERROR phoityne - "error: Variable not in scope: output"
2018-01-31 15:39:18 [ThreadId 7] ERROR phoityne - "error: Variable not in scope: remainder"
2018-01-31 15:39:18 [ThreadId 7] ERROR phoityne - "error: Variable not in scope: output"
2018-01-31 15:39:27 [ThreadId 7] ERROR phoityne - "error: Variable not in scope: remainder"
2018-01-31 15:39:27 [ThreadId 7] ERROR phoityne - "error: Variable not in scope: n"
2018-01-31 15:39:27 [ThreadId 7] ERROR phoityne - "error: Variable not in scope: dividend"
2018-01-31 15:39:34 [ThreadId 7] ERROR phoityne - "error: Variable not in scope: remainder"
2018-01-31 15:39:37 [ThreadId 7] ERROR phoityne - "error: Variable not in scope: remainder"
2018-01-31 15:39:39 [ThreadId 7] ERROR phoityne - "error: Variable not in scope: remainder"
2018-01-31 15:40:14 [ThreadId 7] ERROR phoityne - "error: Variable not in scope: remainder"
2018-01-31 15:40:14 [ThreadId 7] ERROR phoityne - "error: Variable not in scope: dividend"
2018-01-31 15:40:14 [ThreadId 7] ERROR phoityne - "error: Variable not in scope: output"
2018-01-31 15:40:16 [ThreadId 7] ERROR phoityne - "error: Variable not in scope: remainder"
2018-01-31 15:40:16 [ThreadId 7] ERROR phoityne - "error: Variable not in scope: dividend"
2018-01-31 15:40:16 [ThreadId 7] ERROR phoityne - "error: Variable not in scope: output"
2018-01-31 15:40:18 [ThreadId 7] ERROR phoityne - "\"extractSourcePosition\" (line 15, column 6):\nunexpected end of input\nexpecting \"Stopped at \" or \"Stopped in \" [INPUT]  Medium perfect number is classified correctly FAILED [1]\n\nFailures:\n\n  /Users/jeanyang/exercism/haskell/perfect-numbers/test/Tests.hs:18: \n  1) classify Medium perfect number is classified correctly\n       expected: Just Perfect\n        but got: Just Abundant\n\nRandomized with seed 611230027\n\nFinished in 4.3146 seconds\n2 examples, 1 failure\n*** Exception: ExitFailure 1\nH>>= "
2018-01-31 15:40:25 [ThreadId 7] ERROR phoityne - "error: Variable not in scope: remainder"
2018-01-31 15:40:25 [ThreadId 7] ERROR phoityne - "error: Variable not in scope: dividend"
2018-01-31 15:40:25 [ThreadId 7] ERROR phoityne - "error: Variable not in scope: output"
2018-01-31 15:40:28 [ThreadId 7] ERROR phoityne - "error: Variable not in scope: remainder"
2018-01-31 15:40:28 [ThreadId 7] ERROR phoityne - "error: Variable not in scope: dividend"
2018-01-31 15:40:28 [ThreadId 7] ERROR phoityne - "error: Variable not in scope: output"
2018-01-31 15:40:32 [ThreadId 7] ERROR phoityne - "error: Variable not in scope: remainder"
2018-01-31 15:40:32 [ThreadId 7] ERROR phoityne - "error: Variable not in scope: dividend"
2018-01-31 15:40:32 [ThreadId 7] ERROR phoityne - "error: Variable not in scope: output"
2018-01-31 15:40:38 [ThreadId 7] ERROR phoityne - "error: Variable not in scope: remainder"
2018-01-31 15:40:38 [ThreadId 7] ERROR phoityne - "error: Variable not in scope: dividend"
2018-01-31 15:40:38 [ThreadId 7] ERROR phoityne - "error: Variable not in scope: output"
2018-01-31 15:40:40 [ThreadId 7] ERROR phoityne - "error: Variable not in scope: remainder"
2018-01-31 15:40:40 [ThreadId 7] ERROR phoityne - "error: Variable not in scope: dividend"
2018-01-31 15:40:40 [ThreadId 7] ERROR phoityne - "error: Variable not in scope: output"
2018-01-31 15:40:45 [ThreadId 7] ERROR phoityne - "error: Variable not in scope: remainder"
2018-01-31 15:40:45 [ThreadId 7] ERROR phoityne - "error: Variable not in scope: dividend"
2018-01-31 15:40:45 [ThreadId 7] ERROR phoityne - "error: Variable not in scope: output"
2018-01-31 15:40:48 [ThreadId 7] ERROR phoityne - "error: Variable not in scope: remainder"
2018-01-31 15:40:48 [ThreadId 7] ERROR phoityne - "error: Variable not in scope: output"
2018-01-31 15:40:57 [ThreadId 7] ERROR phoityne - "error: Variable not in scope: remainder"
2018-01-31 15:40:57 [ThreadId 7] ERROR phoityne - "error: Variable not in scope: n"
2018-01-31 15:40:57 [ThreadId 7] ERROR phoityne - "error: Variable not in scope: dividend"
2018-01-31 15:41:01 [ThreadId 7] ERROR phoityne - "error: Variable not in scope: remainder"
2018-01-31 15:41:01 [ThreadId 7] ERROR phoityne - "error: Variable not in scope: n"
2018-01-31 15:41:01 [ThreadId 7] ERROR phoityne - "error: Variable not in scope: dividend"
2018-01-31 15:41:02 [ThreadId 7] ERROR phoityne - "error: Variable not in scope: remainder"
2018-01-31 15:41:02 [ThreadId 7] ERROR phoityne - "error: Variable not in scope: n"
2018-01-31 15:41:02 [ThreadId 7] ERROR phoityne - "error: Variable not in scope: dividend"
2018-01-31 15:41:04 [ThreadId 7] ERROR phoityne - "error: Variable not in scope: remainder"
2018-01-31 15:41:04 [ThreadId 7] ERROR phoityne - "error: Variable not in scope: n"
2018-01-31 15:41:04 [ThreadId 7] ERROR phoityne - "error: Variable not in scope: dividend"
2018-01-31 15:41:10 [ThreadId 7] ERROR phoityne - "error: Variable not in scope: n"
2018-01-31 15:41:10 [ThreadId 7] ERROR phoityne - "error: Variable not in scope: dividend"
2018-01-31 15:41:10 [ThreadId 7] ERROR phoityne - "error: Variable not in scope: output"
2018-01-31 15:41:12 [ThreadId 7] ERROR phoityne - "error: Variable not in scope: remainder"
2018-01-31 15:41:24 [ThreadId 7] ERROR phoityne - "error: Variable not in scope: remainder"
2018-01-31 15:41:24 [ThreadId 7] ERROR phoityne - "error: Variable not in scope: output"
2018-01-31 15:41:25 [ThreadId 7] ERROR phoityne - "error: Variable not in scope: remainder"
2018-01-31 15:41:25 [ThreadId 7] ERROR phoityne - "error: Variable not in scope: n"
2018-01-31 15:41:25 [ThreadId 7] ERROR phoityne - "error: Variable not in scope: dividend"
2018-01-31 15:41:27 [ThreadId 7] ERROR phoityne - "error: Variable not in scope: remainder"
2018-01-31 15:41:27 [ThreadId 7] ERROR phoityne - "error: Variable not in scope: n"
2018-01-31 15:41:27 [ThreadId 7] ERROR phoityne - "error: Variable not in scope: dividend"
2018-01-31 15:41:28 [ThreadId 7] ERROR phoityne - "error: Variable not in scope: remainder"
2018-01-31 15:41:28 [ThreadId 7] ERROR phoityne - "error: Variable not in scope: n"
2018-01-31 15:41:28 [ThreadId 7] ERROR phoityne - "error: Variable not in scope: dividend"
2018-01-31 15:41:30 [ThreadId 7] ERROR phoityne - "error: Variable not in scope: remainder"
2018-01-31 15:41:30 [ThreadId 7] ERROR phoityne - "error: Variable not in scope: n"
2018-01-31 15:41:30 [ThreadId 7] ERROR phoityne - "error: Variable not in scope: dividend"
2018-01-31 15:41:32 [ThreadId 7] ERROR phoityne - "error: Variable not in scope: remainder"
2018-01-31 15:41:32 [ThreadId 7] ERROR phoityne - "error: Variable not in scope: n"
2018-01-31 15:41:32 [ThreadId 7] ERROR phoityne - "error: Variable not in scope: dividend"
2018-01-31 15:41:34 [ThreadId 7] ERROR phoityne - "error: Variable not in scope: remainder"
2018-01-31 15:41:34 [ThreadId 7] ERROR phoityne - "error: Variable not in scope: dividend"
2018-01-31 15:41:34 [ThreadId 7] ERROR phoityne - "error: Variable not in scope: output"
2018-01-31 15:41:46 [ThreadId 7] ERROR phoityne - "error: Variable not in scope: remainder"
2018-01-31 15:41:46 [ThreadId 7] ERROR phoityne - "error: Variable not in scope: n"
2018-01-31 15:41:46 [ThreadId 7] ERROR phoityne - "error: Variable not in scope: dividend"
2018-01-31 15:41:46 [ThreadId 7] ERROR phoityne - "error: Variable not in scope: output"
2018-01-31 15:41:48 [ThreadId 7] ERROR phoityne - "error: Variable not in scope: remainder"
2018-01-31 15:41:48 [ThreadId 7] ERROR phoityne - "error: Variable not in scope: n"
2018-01-31 15:41:48 [ThreadId 7] ERROR phoityne - "error: Variable not in scope: dividend"
2018-01-31 15:41:48 [ThreadId 7] ERROR phoityne - "error: Variable not in scope: output"
2018-01-31 15:41:51 [ThreadId 7] ERROR phoityne - "error: Variable not in scope: remainder"
2018-01-31 15:41:51 [ThreadId 7] ERROR phoityne - "error: Variable not in scope: n"
2018-01-31 15:41:51 [ThreadId 7] ERROR phoityne - "error: Variable not in scope: dividend"
2018-01-31 15:41:51 [ThreadId 7] ERROR phoityne - "error: Variable not in scope: output"
2018-01-31 15:41:52 [ThreadId 7] ERROR phoityne - "error: Variable not in scope: remainder"
2018-01-31 15:41:52 [ThreadId 7] ERROR phoityne - "error: Variable not in scope: n"
2018-01-31 15:41:52 [ThreadId 7] ERROR phoityne - "error: Variable not in scope: dividend"
2018-01-31 15:41:52 [ThreadId 7] ERROR phoityne - "error: Variable not in scope: output"
2018-01-31 15:41:54 [ThreadId 7] ERROR phoityne - "error: Variable not in scope: remainder"
2018-01-31 15:41:54 [ThreadId 7] ERROR phoityne - "error: Variable not in scope: dividend"
2018-01-31 15:41:54 [ThreadId 7] ERROR phoityne - "error: Variable not in scope: output"
2018-01-31 15:41:58 [ThreadId 7] ERROR phoityne - "error: Variable not in scope: remainder"
2018-01-31 15:41:58 [ThreadId 7] ERROR phoityne - "error: Variable not in scope: dividend"
2018-01-31 15:41:58 [ThreadId 7] ERROR phoityne - "error: Variable not in scope: output"
2018-01-31 15:42:00 [ThreadId 7] ERROR phoityne - "error: Variable not in scope: remainder"
2018-01-31 15:42:00 [ThreadId 7] ERROR phoityne - "error: Variable not in scope: dividend"
2018-01-31 15:42:00 [ThreadId 7] ERROR phoityne - "error: Variable not in scope: output"
2018-01-31 15:42:04 [ThreadId 7] ERROR phoityne - "error: Variable not in scope: remainder"
2018-01-31 15:42:04 [ThreadId 7] ERROR phoityne - "error: Variable not in scope: dividend"
2018-01-31 15:42:04 [ThreadId 7] ERROR phoityne - "error: Variable not in scope: output"
2018-01-31 15:42:10 [ThreadId 7] ERROR phoityne - "error: Variable not in scope: remainder"
2018-01-31 15:42:10 [ThreadId 7] ERROR phoityne - "error: Variable not in scope: dividend"
2018-01-31 15:42:10 [ThreadId 7] ERROR phoityne - "error: Variable not in scope: output"
2018-01-31 15:42:14 [ThreadId 7] ERROR phoityne - "error: Variable not in scope: remainder"
2018-01-31 15:42:14 [ThreadId 7] ERROR phoityne - "error: Variable not in scope: dividend"
2018-01-31 15:42:14 [ThreadId 7] ERROR phoityne - "error: Variable not in scope: output"
2018-01-31 15:42:16 [ThreadId 7] ERROR phoityne - "error: Variable not in scope: remainder"
2018-01-31 15:42:16 [ThreadId 7] ERROR phoityne - "error: Variable not in scope: dividend"
2018-01-31 15:42:16 [ThreadId 7] ERROR phoityne - "error: Variable not in scope: output"
2018-01-31 15:42:19 [ThreadId 7] ERROR phoityne - "error: Variable not in scope: remainder"
2018-01-31 15:42:19 [ThreadId 7] ERROR phoityne - "error: Variable not in scope: dividend"
2018-01-31 15:42:19 [ThreadId 7] ERROR phoityne - "error: Variable not in scope: output"
2018-01-31 15:42:22 [ThreadId 7] ERROR phoityne - "error: \8226 Variable not in scope: aliquotsSum \8226 Perhaps you meant \8216aliquots\8217 (line 15)"
2018-01-31 15:42:28 [ThreadId 7] ERROR phoityne - "error: Variable not in scope: remainder"
2018-01-31 15:42:28 [ThreadId 7] ERROR phoityne - "error: Variable not in scope: output"
2018-01-31 15:42:54 [ThreadId 7] ERROR phoityne - "error: Variable not in scope: remainder"
2018-01-31 15:42:54 [ThreadId 7] ERROR phoityne - "error: Variable not in scope: n"
2018-01-31 15:42:54 [ThreadId 7] ERROR phoityne - "error: Variable not in scope: dividend"
2018-01-31 15:43:05 [ThreadId 7] ERROR phoityne - "error: Variable not in scope: remainder"
2018-01-31 15:43:05 [ThreadId 7] ERROR phoityne - "error: Variable not in scope: n"
2018-01-31 15:43:05 [ThreadId 7] ERROR phoityne - "error: Variable not in scope: dividend"
2018-01-31 15:43:07 [ThreadId 7] ERROR phoityne - "error: Variable not in scope: remainder"
2018-01-31 15:43:07 [ThreadId 7] ERROR phoityne - "error: Variable not in scope: n"
2018-01-31 15:43:07 [ThreadId 7] ERROR phoityne - "error: Variable not in scope: dividend"
2018-01-31 15:43:08 [ThreadId 7] ERROR phoityne - "error: Variable not in scope: remainder"
2018-01-31 15:43:08 [ThreadId 7] ERROR phoityne - "error: Variable not in scope: n"
2018-01-31 15:43:08 [ThreadId 7] ERROR phoityne - "error: Variable not in scope: dividend"
2018-01-31 15:43:09 [ThreadId 7] ERROR phoityne - "error: Variable not in scope: n"
2018-01-31 15:43:09 [ThreadId 7] ERROR phoityne - "error: Variable not in scope: dividend"
2018-01-31 15:43:09 [ThreadId 7] ERROR phoityne - "error: Variable not in scope: output"
2018-01-31 15:43:15 [ThreadId 7] ERROR phoityne - "error: Variable not in scope: remainder"
2018-01-31 15:43:23 [ThreadId 7] ERROR phoityne - "error: Data constructor not in scope: Int"
2018-01-31 15:43:39 [ThreadId 7] ERROR phoityne - "error: Variable not in scope: remainder"
2018-01-31 15:43:39 [ThreadId 7] ERROR phoityne - "error: \8226 Variable not in scope: divdend :: Int \8226 Perhaps you meant \8216dividend\8217 (<no location info>)"
2018-01-31 15:43:51 [ThreadId 7] ERROR phoityne - "error: Variable not in scope: remainder"
2018-01-31 15:43:51 [ThreadId 7] ERROR phoityne - "error: Variable not in scope: output"
2018-01-31 15:44:02 [ThreadId 7] ERROR phoityne - "error: Variable not in scope: remainder"
2018-01-31 15:44:02 [ThreadId 7] ERROR phoityne - "error: Variable not in scope: n"
2018-01-31 15:44:02 [ThreadId 7] ERROR phoityne - "error: Variable not in scope: dividend"
2018-01-31 15:44:05 [ThreadId 7] ERROR phoityne - "error: Variable not in scope: remainder"
2018-01-31 15:44:05 [ThreadId 7] ERROR phoityne - "error: Variable not in scope: n"
2018-01-31 15:44:05 [ThreadId 7] ERROR phoityne - "error: Variable not in scope: dividend"
2018-01-31 15:44:07 [ThreadId 7] ERROR phoityne - "error: Variable not in scope: remainder"
2018-01-31 15:44:07 [ThreadId 7] ERROR phoityne - "error: Variable not in scope: n"
2018-01-31 15:44:07 [ThreadId 7] ERROR phoityne - "error: Variable not in scope: dividend"
2018-01-31 15:44:10 [ThreadId 7] ERROR phoityne - "error: Variable not in scope: remainder"
2018-01-31 15:44:10 [ThreadId 7] ERROR phoityne - "error: Variable not in scope: n"
2018-01-31 15:44:10 [ThreadId 7] ERROR phoityne - "error: Variable not in scope: dividend"
2018-01-31 15:44:11 [ThreadId 7] ERROR phoityne - "error: Variable not in scope: n"
2018-01-31 15:44:11 [ThreadId 7] ERROR phoityne - "error: Variable not in scope: dividend"
2018-01-31 15:44:11 [ThreadId 7] ERROR phoityne - "error: Variable not in scope: output"
2018-01-31 15:44:14 [ThreadId 7] ERROR phoityne - "error: Variable not in scope: remainder"
2018-01-31 15:44:19 [ThreadId 7] ERROR phoityne - "error: Variable not in scope: remainder"
2018-01-31 15:44:19 [ThreadId 7] ERROR phoityne - "error: Variable not in scope: output"
2018-01-31 15:44:21 [ThreadId 7] ERROR phoityne - "error: Variable not in scope: remainder"
2018-01-31 15:44:21 [ThreadId 7] ERROR phoityne - "error: Variable not in scope: n"
2018-01-31 15:44:21 [ThreadId 7] ERROR phoityne - "error: Variable not in scope: dividend"
2018-01-31 15:44:22 [ThreadId 7] ERROR phoityne - "error: Variable not in scope: remainder"
2018-01-31 15:44:22 [ThreadId 7] ERROR phoityne - "error: Variable not in scope: n"
2018-01-31 15:44:22 [ThreadId 7] ERROR phoityne - "error: Variable not in scope: dividend"
2018-01-31 15:44:23 [ThreadId 7] ERROR phoityne - "error: Variable not in scope: remainder"
2018-01-31 15:44:23 [ThreadId 7] ERROR phoityne - "error: Variable not in scope: n"
2018-01-31 15:44:23 [ThreadId 7] ERROR phoityne - "error: Variable not in scope: dividend"
2018-01-31 15:44:24 [ThreadId 7] ERROR phoityne - "error: Variable not in scope: remainder"
2018-01-31 15:44:24 [ThreadId 7] ERROR phoityne - "error: Variable not in scope: n"
2018-01-31 15:44:24 [ThreadId 7] ERROR phoityne - "error: Variable not in scope: dividend"
2018-01-31 15:44:25 [ThreadId 7] ERROR phoityne - "error: Variable not in scope: n"
2018-01-31 15:44:25 [ThreadId 7] ERROR phoityne - "error: Variable not in scope: dividend"
2018-01-31 15:44:25 [ThreadId 7] ERROR phoityne - "error: Variable not in scope: output"
2018-01-31 15:44:31 [ThreadId 7] ERROR phoityne - "error: Variable not in scope: remainder"
2018-01-31 15:44:35 [ThreadId 7] ERROR phoityne - "error: Variable not in scope: remainder"
2018-01-31 15:44:35 [ThreadId 7] ERROR phoityne - "error: Variable not in scope: output"
2018-01-31 15:44:37 [ThreadId 7] ERROR phoityne - "error: Variable not in scope: remainder"
2018-01-31 15:44:37 [ThreadId 7] ERROR phoityne - "error: Variable not in scope: n"
2018-01-31 15:44:37 [ThreadId 7] ERROR phoityne - "error: Variable not in scope: dividend"
2018-01-31 15:44:39 [ThreadId 7] ERROR phoityne - "error: Variable not in scope: remainder"
2018-01-31 15:44:39 [ThreadId 7] ERROR phoityne - "error: Variable not in scope: n"
2018-01-31 15:44:39 [ThreadId 7] ERROR phoityne - "error: Variable not in scope: dividend"
2018-01-31 15:44:42 [ThreadId 7] ERROR phoityne - "error: Data constructor not in scope: Int"
2018-01-31 15:45:07 [ThreadId 7] ERROR phoityne - "error: Variable not in scope: remainder"
2018-01-31 15:45:07 [ThreadId 7] ERROR phoityne - "error: Variable not in scope: n"
2018-01-31 15:45:07 [ThreadId 7] ERROR phoityne - "error: Variable not in scope: dividend"
2018-01-31 15:45:08 [ThreadId 7] ERROR phoityne - "error: Variable not in scope: dividend"
2018-01-31 15:45:10 [ThreadId 7] ERROR phoityne - "error: Variable not in scope: remainder"
2018-01-31 15:45:55 [ThreadId 7] ERROR phoityne - "error: Variable not in scope: remainder"
2018-01-31 15:45:55 [ThreadId 7] ERROR phoityne - "error: Variable not in scope: n"
2018-01-31 15:45:55 [ThreadId 7] ERROR phoityne - "error: Variable not in scope: dividend"
2018-01-31 15:45:57 [ThreadId 7] ERROR phoityne - "error: Variable not in scope: remainder"
2018-01-31 15:45:57 [ThreadId 7] ERROR phoityne - "error: Variable not in scope: n"
2018-01-31 15:45:57 [ThreadId 7] ERROR phoityne - "error: Variable not in scope: dividend"
2018-01-31 15:45:58 [ThreadId 7] ERROR phoityne - "error: Variable not in scope: n"
2018-01-31 15:45:58 [ThreadId 7] ERROR phoityne - "error: Variable not in scope: dividend"
2018-01-31 15:45:58 [ThreadId 7] ERROR phoityne - "error: Variable not in scope: output"
2018-01-31 15:46:00 [ThreadId 7] ERROR phoityne - "error: Variable not in scope: remainder"
2018-01-31 15:46:02 [ThreadId 7] ERROR phoityne - "error: Variable not in scope: remainder"
2018-01-31 15:46:02 [ThreadId 7] ERROR phoityne - "error: Variable not in scope: output"
2018-01-31 15:46:04 [ThreadId 7] ERROR phoityne - "error: Variable not in scope: remainder"
2018-01-31 15:46:04 [ThreadId 7] ERROR phoityne - "error: Variable not in scope: n"
2018-01-31 15:46:04 [ThreadId 7] ERROR phoityne - "error: Variable not in scope: dividend"
2018-01-31 15:46:05 [ThreadId 7] ERROR phoityne - "error: Variable not in scope: remainder"
2018-01-31 15:46:05 [ThreadId 7] ERROR phoityne - "error: Variable not in scope: n"
2018-01-31 15:46:05 [ThreadId 7] ERROR phoityne - "error: Variable not in scope: dividend"
2018-01-31 15:46:08 [ThreadId 7] ERROR phoityne - "error: Variable not in scope: remainder"
2018-01-31 15:46:08 [ThreadId 7] ERROR phoityne - "error: Variable not in scope: n"
2018-01-31 15:46:08 [ThreadId 7] ERROR phoityne - "error: Variable not in scope: dividend"
2018-01-31 15:46:09 [ThreadId 7] ERROR phoityne - "error: Variable not in scope: remainder"
2018-01-31 15:46:09 [ThreadId 7] ERROR phoityne - "error: Variable not in scope: n"
2018-01-31 15:46:09 [ThreadId 7] ERROR phoityne - "error: Variable not in scope: dividend"
2018-01-31 15:46:10 [ThreadId 7] ERROR phoityne - "error: Variable not in scope: n"
2018-01-31 15:46:10 [ThreadId 7] ERROR phoityne - "error: Variable not in scope: dividend"
2018-01-31 15:46:10 [ThreadId 7] ERROR phoityne - "error: Variable not in scope: output"
2018-01-31 15:46:13 [ThreadId 7] ERROR phoityne - "error: Variable not in scope: remainder"
2018-01-31 15:46:16 [ThreadId 7] ERROR phoityne - "error: Variable not in scope: remainder"
2018-01-31 15:46:16 [ThreadId 7] ERROR phoityne - "error: Variable not in scope: output"
2018-01-31 15:46:17 [ThreadId 7] ERROR phoityne - "error: Variable not in scope: remainder"
2018-01-31 15:46:17 [ThreadId 7] ERROR phoityne - "error: Variable not in scope: n"
2018-01-31 15:46:17 [ThreadId 7] ERROR phoityne - "error: Variable not in scope: dividend"
2018-01-31 15:46:19 [ThreadId 7] ERROR phoityne - "error: Variable not in scope: remainder"
2018-01-31 15:46:19 [ThreadId 7] ERROR phoityne - "error: Variable not in scope: n"
2018-01-31 15:46:19 [ThreadId 7] ERROR phoityne - "error: Variable not in scope: dividend"
2018-01-31 15:46:20 [ThreadId 7] ERROR phoityne - "error: Variable not in scope: remainder"
2018-01-31 15:46:20 [ThreadId 7] ERROR phoityne - "error: Variable not in scope: n"
2018-01-31 15:46:20 [ThreadId 7] ERROR phoityne - "error: Variable not in scope: dividend"
2018-01-31 15:46:21 [ThreadId 7] ERROR phoityne - "error: Variable not in scope: remainder"
2018-01-31 15:46:21 [ThreadId 7] ERROR phoityne - "error: Variable not in scope: n"
2018-01-31 15:46:21 [ThreadId 7] ERROR phoityne - "error: Variable not in scope: dividend"
2018-01-31 15:46:22 [ThreadId 7] ERROR phoityne - "error: Variable not in scope: n"
2018-01-31 15:46:22 [ThreadId 7] ERROR phoityne - "error: Variable not in scope: dividend"
2018-01-31 15:46:22 [ThreadId 7] ERROR phoityne - "error: Variable not in scope: output"
2018-01-31 15:46:24 [ThreadId 7] ERROR phoityne - "error: Variable not in scope: remainder"
2018-01-31 15:46:26 [ThreadId 7] ERROR phoityne - "error: Variable not in scope: remainder"
2018-01-31 15:46:26 [ThreadId 7] ERROR phoityne - "error: Variable not in scope: output"
2018-01-31 15:46:29 [ThreadId 7] ERROR phoityne - "error: Variable not in scope: remainder"
2018-01-31 15:46:29 [ThreadId 7] ERROR phoityne - "error: Variable not in scope: n"
2018-01-31 15:46:29 [ThreadId 7] ERROR phoityne - "error: Variable not in scope: dividend"
2018-01-31 15:46:31 [ThreadId 7] ERROR phoityne - "error: Variable not in scope: remainder"
2018-01-31 15:46:31 [ThreadId 7] ERROR phoityne - "error: Variable not in scope: n"
2018-01-31 15:46:31 [ThreadId 7] ERROR phoityne - "error: Variable not in scope: dividend"
2018-01-31 15:48:22 [ThreadId 7] ERROR phoityne - "error: Variable not in scope: remainder"
2018-01-31 15:48:22 [ThreadId 7] ERROR phoityne - "error: Variable not in scope: dividend"
2018-01-31 15:48:22 [ThreadId 7] ERROR phoityne - "error: Variable not in scope: output"
2018-01-31 15:48:29 [ThreadId 7] ERROR phoityne - "error: Variable not in scope: remainder"
2018-01-31 15:48:29 [ThreadId 7] ERROR phoityne - "error: Variable not in scope: dividend"
2018-01-31 15:48:29 [ThreadId 7] ERROR phoityne - "error: Variable not in scope: output"
2018-01-31 15:48:32 [ThreadId 7] ERROR phoityne - "error: Variable not in scope: remainder"
2018-01-31 15:48:32 [ThreadId 7] ERROR phoityne - "error: Variable not in scope: dividend"
2018-01-31 15:48:32 [ThreadId 7] ERROR phoityne - "error: Variable not in scope: output"
2018-01-31 15:48:33 [ThreadId 7] ERROR phoityne - "error: Variable not in scope: remainder"
2018-01-31 15:48:33 [ThreadId 7] ERROR phoityne - "error: Variable not in scope: dividend"
2018-01-31 15:48:33 [ThreadId 7] ERROR phoityne - "error: Variable not in scope: output"
2018-01-31 15:48:34 [ThreadId 7] ERROR phoityne - "error: Variable not in scope: remainder"
2018-01-31 15:48:34 [ThreadId 7] ERROR phoityne - "error: Variable not in scope: dividend"
2018-01-31 15:48:34 [ThreadId 7] ERROR phoityne - "error: Variable not in scope: output"
2018-01-31 15:48:39 [ThreadId 7] ERROR phoityne - "error: Variable not in scope: remainder"
2018-01-31 15:48:39 [ThreadId 7] ERROR phoityne - "error: Variable not in scope: dividend"
2018-01-31 15:48:39 [ThreadId 7] ERROR phoityne - "error: Variable not in scope: output"
2018-01-31 15:48:41 [ThreadId 7] ERROR phoityne - "error: Variable not in scope: remainder"
2018-01-31 15:48:41 [ThreadId 7] ERROR phoityne - "error: Variable not in scope: dividend"
2018-01-31 15:48:41 [ThreadId 7] ERROR phoityne - "error: Variable not in scope: output"
2018-01-31 15:48:42 [ThreadId 7] ERROR phoityne - "error: Variable not in scope: remainder"
2018-01-31 15:48:42 [ThreadId 7] ERROR phoityne - "error: Variable not in scope: output"
2018-01-31 15:48:46 [ThreadId 7] ERROR phoityne - "error: Variable not in scope: remainder"
2018-01-31 15:48:46 [ThreadId 7] ERROR phoityne - "error: Variable not in scope: n"
2018-01-31 15:48:47 [ThreadId 7] ERROR phoityne - "error: Variable not in scope: n"
2018-01-31 15:48:47 [ThreadId 7] ERROR phoityne - "error: Variable not in scope: dividend"
2018-01-31 15:48:47 [ThreadId 7] ERROR phoityne - "error: Variable not in scope: output"
2018-01-31 15:48:48 [ThreadId 7] ERROR phoityne - "error: Variable not in scope: remainder"
2018-01-31 15:48:48 [ThreadId 7] ERROR phoityne - "error: Variable not in scope: remainder"
2018-01-31 15:48:48 [ThreadId 7] ERROR phoityne - "error: Variable not in scope: output"
2018-01-31 15:48:49 [ThreadId 7] ERROR phoityne - "error: Variable not in scope: remainder"
2018-01-31 15:48:49 [ThreadId 7] ERROR phoityne - "error: Variable not in scope: n"
2018-01-31 15:48:50 [ThreadId 7] ERROR phoityne - "error: Variable not in scope: remainder"
2018-01-31 15:48:50 [ThreadId 7] ERROR phoityne - "error: Variable not in scope: n"
2018-01-31 15:48:52 [ThreadId 7] ERROR phoityne - "error: Variable not in scope: remainder"
2018-01-31 15:48:52 [ThreadId 7] ERROR phoityne - "error: Variable not in scope: n"
2018-01-31 15:48:53 [ThreadId 7] ERROR phoityne - "error: Variable not in scope: remainder"
2018-01-31 15:48:53 [ThreadId 7] ERROR phoityne - "error: Variable not in scope: n"
2018-01-31 15:48:55 [ThreadId 7] ERROR phoityne - "error: Variable not in scope: remainder"
2018-01-31 15:48:55 [ThreadId 7] ERROR phoityne - "error: Variable not in scope: n"
2018-01-31 15:48:56 [ThreadId 7] ERROR phoityne - "error: Variable not in scope: remainder"
2018-01-31 15:48:56 [ThreadId 7] ERROR phoityne - "error: Variable not in scope: n"
2018-01-31 15:48:57 [ThreadId 7] ERROR phoityne - "error: Variable not in scope: remainder"
2018-01-31 15:48:57 [ThreadId 7] ERROR phoityne - "error: Variable not in scope: n"
2018-01-31 15:48:59 [ThreadId 7] ERROR phoityne - "error: Variable not in scope: remainder"
2018-01-31 15:49:01 [ThreadId 7] ERROR phoityne - "error: Variable not in scope: remainder"
2018-01-31 15:49:03 [ThreadId 7] ERROR phoityne - "error: Variable not in scope: remainder"
2018-01-31 15:49:08 [ThreadId 7] ERROR phoityne - "error: Variable not in scope: remainder"
2018-01-31 15:49:08 [ThreadId 7] ERROR phoityne - "error: Variable not in scope: dividend"
2018-01-31 15:49:08 [ThreadId 7] ERROR phoityne - "error: Variable not in scope: output"
2018-01-31 15:49:12 [ThreadId 7] ERROR phoityne - "error: Variable not in scope: remainder"
2018-01-31 15:49:12 [ThreadId 7] ERROR phoityne - "error: Variable not in scope: dividend"
2018-01-31 15:49:12 [ThreadId 7] ERROR phoityne - "error: Variable not in scope: output"
2018-01-31 15:49:18 [ThreadId 7] ERROR phoityne - "error: Variable not in scope: remainder"
2018-01-31 15:49:18 [ThreadId 7] ERROR phoityne - "error: Variable not in scope: dividend"
2018-01-31 15:49:18 [ThreadId 7] ERROR phoityne - "error: Variable not in scope: output"
2018-01-31 15:50:14 [ThreadId 7] ERROR phoityne - "error: parse error on input \8216->\8217"
